2019-11-15 13:44:10.103 WARN [kground-preinit] [o.s.h.c.j.Jackson2ObjectMapperBuilder] log (87): For Jackson Kotlin classes support please add "com.fasterxml.jackson.module:jackson-module-kotlin" to the classpath
2019-11-15 13:44:10.103 INFO [           main] [c.h.OnepieceSanjiApplicationTests] log (87): Starting OnepieceSanjiApplicationTests on luke with PID 96355 (started by luke in /Users/luke/workplace/Onepiece/onepiece-sanji)
2019-11-15 13:44:10.104 INFO [           main] [c.h.OnepieceSanjiApplicationTests] log (87): The following profiles are active: local
2019-11-15 13:44:10.130 INFO [           main] [o.s.w.c.s.GenericWebApplicationContext] log (87): Refreshing org.springframework.web.context.support.GenericWebApplicationContext@75d2da2d: startup date [Fri Nov 15 13:44:10 KST 2019]; root of context hierarchy
2019-11-15 13:44:10.986 INFO [           main] [o.s.b.f.s.DefaultListableBeanFactory] log (87): Overriding bean definition for bean 'noticeRepository' with a different definition: replacing [Generic bean: class [com.hanaset.onepiececommon.repository.NoticeRepository]; scope=singleton; abstract=false; lazyInit=false; autowireMode=0; dependencyCheck=0; autowireCandidate=true; primary=false; factoryBeanName=null; factoryMethodName=null; initMethodName=null; destroyMethodName=null] with [Root bean: class [org.springframework.data.jpa.repository.support.JpaRepositoryFactoryBean]; scope=; abstract=false; lazyInit=false; autowireMode=0; dependencyCheck=0; autowireCandidate=true; primary=false; factoryBeanName=null; factoryMethodName=null; initMethodName=null; destroyMethodName=null]
2019-11-15 13:44:11.228 INFO [           main] [c.u.j.c.EnableEncryptablePropertiesBeanFactoryPostProcessor] postProcessBeanFactory (50): Post-processing PropertySource instances
2019-11-15 13:44:11.305 INFO [           main] [c.u.j.EncryptablePropertySourceConverter] makeEncryptable (38): Converting PropertySource configurationProperties [org.springframework.boot.context.properties.source.ConfigurationPropertySourcesPropertySource] to AOP Proxy
2019-11-15 13:44:11.306 INFO [           main] [c.u.j.EncryptablePropertySourceConverter] makeEncryptable (38): Converting PropertySource Inlined Test Properties [org.springframework.core.env.MapPropertySource] to EncryptableMapPropertySourceWrapper
2019-11-15 13:44:11.306 INFO [           main] [c.u.j.EncryptablePropertySourceConverter] makeEncryptable (38): Converting PropertySource test [org.springframework.core.env.MapPropertySource] to EncryptableMapPropertySourceWrapper
2019-11-15 13:44:11.306 INFO [           main] [c.u.j.EncryptablePropertySourceConverter] makeEncryptable (38): Converting PropertySource systemProperties [org.springframework.core.env.MapPropertySource] to EncryptableMapPropertySourceWrapper
2019-11-15 13:44:11.307 INFO [           main] [c.u.j.EncryptablePropertySourceConverter] makeEncryptable (38): Converting PropertySource systemEnvironment [org.springframework.boot.env.SystemEnvironmentPropertySourceEnvironmentPostProcessor$OriginAwareSystemEnvironmentPropertySource] to EncryptableMapPropertySourceWrapper
2019-11-15 13:44:11.307 INFO [           main] [c.u.j.EncryptablePropertySourceConverter] makeEncryptable (38): Converting PropertySource random [org.springframework.boot.env.RandomValuePropertySource] to EncryptablePropertySourceWrapper
2019-11-15 13:44:11.307 INFO [           main] [c.u.j.EncryptablePropertySourceConverter] makeEncryptable (38): Converting PropertySource applicationConfig: [classpath:/application-local.yml] [org.springframework.boot.env.OriginTrackedMapPropertySource] to EncryptableMapPropertySourceWrapper
2019-11-15 13:44:11.307 INFO [           main] [c.u.j.EncryptablePropertySourceConverter] makeEncryptable (38): Converting PropertySource applicationConfig: [classpath:/application.yml] [org.springframework.boot.env.OriginTrackedMapPropertySource] to EncryptableMapPropertySourceWrapper
2019-11-15 13:44:11.308 INFO [           main] [c.u.j.EncryptablePropertySourceConverter] makeEncryptable (38): Converting PropertySource class path resource [properties/url-local.properties] [org.springframework.core.io.support.ResourcePropertySource] to EncryptableMapPropertySourceWrapper
2019-11-15 13:44:11.384 INFO [           main] [c.u.j.f.DefaultLazyPropertyFilter] lambda$null$2 (31): Property Filter custom Bean not found with name 'encryptablePropertyFilter'. Initializing Default Property Filter
2019-11-15 13:44:11.444 INFO [           main] [o.s.c.s.PostProcessorRegistrationDelegate$BeanPostProcessorChecker] log (87): Bean 'org.springframework.transaction.annotation.ProxyTransactionManagementConfiguration' of type [org.springframework.transaction.annotation.ProxyTransactionManagementConfiguration$$EnhancerBySpringCGLIB$$4daa17dc] is not eligible for getting processed by all BeanPostProcessors (for example: not eligible for auto-proxying)
2019-11-15 13:44:11.511 INFO [           main] [c.u.j.r.DefaultLazyPropertyResolver] lambda$null$2 (31): Property Resolver custom Bean not found with name 'encryptablePropertyResolver'. Initializing Default Property Resolver
2019-11-15 13:44:11.514 INFO [           main] [c.u.j.d.DefaultLazyPropertyDetector] lambda$null$2 (30): Property Detector custom Bean not found with name 'encryptablePropertyDetector'. Initializing Default Property Detector
2019-11-15 13:44:11.706 INFO [           main] [c.z.h.HikariDataSource] getConnection (110): HikariPool-1 - Starting...
2019-11-15 13:44:12.073 INFO [           main] [c.z.h.HikariDataSource] getConnection (123): HikariPool-1 - Start completed.
2019-11-15 13:44:12.132 INFO [           main] [o.s.o.j.LocalContainerEntityManagerFactoryBean] log (87): Building JPA container EntityManagerFactory for persistence unit 'default'
2019-11-15 13:44:12.263 INFO [           main] [o.h.Version] logVersion (45): HHH000412: Hibernate Core {5.2.17.Final}
2019-11-15 13:44:12.265 INFO [           main] [o.h.c.Environment] <clinit> (213): HHH000206: hibernate.properties not found
2019-11-15 13:44:12.318 INFO [           main] [o.h.a.c.Version] <clinit> (66): HCANN000001: Hibernate Commons Annotations {5.0.1.Final}
2019-11-15 13:44:12.472 INFO [           main] [o.h.d.Dialect] <init> (157): HHH000400: Using dialect: org.hibernate.dialect.MySQL5Dialect
2019-11-15 13:44:13.152 INFO [           main] [o.s.o.j.LocalContainerEntityManagerFactoryBean] log (87): Initialized JPA EntityManagerFactory for persistence unit 'default'
2019-11-15 13:44:14.120 INFO [           main] [o.s.w.s.h.SimpleUrlHandlerMapping] log (87): Mapped URL path [/**/favicon.ico] onto handler of type [class org.springframework.web.servlet.resource.ResourceHttpRequestHandler]
2019-11-15 13:44:14.417 INFO [           main] [o.s.w.s.m.m.a.RequestMappingHandlerAdapter] log (87): Looking for @ControllerAdvice: org.springframework.web.context.support.GenericWebApplicationContext@75d2da2d: startup date [Fri Nov 15 13:44:10 KST 2019]; root of context hierarchy
2019-11-15 13:44:14.472 WARN [           main] [o.s.b.a.o.j.JpaBaseConfiguration$JpaWebConfiguration$JpaWebMvcConfiguration] log (87): spring.jpa.open-in-view is enabled by default. Therefore, database queries may be performed during view rendering. Explicitly configure spring.jpa.open-in-view to disable this warning
2019-11-15 13:44:14.640 INFO [           main] [o.s.w.s.m.m.a.RequestMappingHandlerMapping] log (87): Mapped "{[/error]}" onto public org.springframework.http.ResponseEntity<java.util.Map<java.lang.String, java.lang.Object>> org.springframework.boot.autoconfigure.web.servlet.error.BasicErrorController.error(javax.servlet.http.HttpServletRequest)
2019-11-15 13:44:14.641 INFO [           main] [o.s.w.s.m.m.a.RequestMappingHandlerMapping] log (87): Mapped "{[/error],produces=[text/html]}" onto public org.springframework.web.servlet.ModelAndView org.springframework.boot.autoconfigure.web.servlet.error.BasicErrorController.errorHtml(javax.servlet.http.HttpServletRequest,javax.servlet.http.HttpServletResponse)
2019-11-15 13:44:14.668 INFO [           main] [o.s.w.s.h.SimpleUrlHandlerMapping] log (87): Mapped URL path [/webjars/**] onto handler of type [class org.springframework.web.servlet.resource.ResourceHttpRequestHandler]
2019-11-15 13:44:14.669 INFO [           main] [o.s.w.s.h.SimpleUrlHandlerMapping] log (87): Mapped URL path [/**] onto handler of type [class org.springframework.web.servlet.resource.ResourceHttpRequestHandler]
2019-11-15 13:44:14.975 INFO [           main] [c.h.OnepieceSanjiApplicationTests] log (87): Started OnepieceSanjiApplicationTests in 5.472 seconds (JVM running for 6.304)
2019-11-15 13:44:14.978 INFO [           main] [c.h.OnepieceSanjiApplication] applicationReadyEvent (34): applicationReady profiles:[local]
2019-11-15 13:45:36.044 WARN [kground-preinit] [o.s.h.c.j.Jackson2ObjectMapperBuilder] log (87): For Jackson Kotlin classes support please add "com.fasterxml.jackson.module:jackson-module-kotlin" to the classpath
2019-11-15 13:45:36.053 INFO [           main] [c.h.OnepieceSanjiApplicationTests] log (87): Starting OnepieceSanjiApplicationTests on luke with PID 96789 (started by luke in /Users/luke/workplace/Onepiece/onepiece-sanji)
2019-11-15 13:45:36.054 INFO [           main] [c.h.OnepieceSanjiApplicationTests] log (87): The following profiles are active: local
2019-11-15 13:45:36.079 INFO [           main] [o.s.w.c.s.GenericWebApplicationContext] log (87): Refreshing org.springframework.web.context.support.GenericWebApplicationContext@5a5338df: startup date [Fri Nov 15 13:45:36 KST 2019]; root of context hierarchy
2019-11-15 13:45:36.918 INFO [           main] [o.s.b.f.s.DefaultListableBeanFactory] log (87): Overriding bean definition for bean 'noticeRepository' with a different definition: replacing [Generic bean: class [com.hanaset.onepiececommon.repository.NoticeRepository]; scope=singleton; abstract=false; lazyInit=false; autowireMode=0; dependencyCheck=0; autowireCandidate=true; primary=false; factoryBeanName=null; factoryMethodName=null; initMethodName=null; destroyMethodName=null] with [Root bean: class [org.springframework.data.jpa.repository.support.JpaRepositoryFactoryBean]; scope=; abstract=false; lazyInit=false; autowireMode=0; dependencyCheck=0; autowireCandidate=true; primary=false; factoryBeanName=null; factoryMethodName=null; initMethodName=null; destroyMethodName=null]
2019-11-15 13:45:37.161 INFO [           main] [c.u.j.c.EnableEncryptablePropertiesBeanFactoryPostProcessor] postProcessBeanFactory (50): Post-processing PropertySource instances
2019-11-15 13:45:37.229 INFO [           main] [c.u.j.EncryptablePropertySourceConverter] makeEncryptable (38): Converting PropertySource configurationProperties [org.springframework.boot.context.properties.source.ConfigurationPropertySourcesPropertySource] to AOP Proxy
2019-11-15 13:45:37.230 INFO [           main] [c.u.j.EncryptablePropertySourceConverter] makeEncryptable (38): Converting PropertySource Inlined Test Properties [org.springframework.core.env.MapPropertySource] to EncryptableMapPropertySourceWrapper
2019-11-15 13:45:37.230 INFO [           main] [c.u.j.EncryptablePropertySourceConverter] makeEncryptable (38): Converting PropertySource test [org.springframework.core.env.MapPropertySource] to EncryptableMapPropertySourceWrapper
2019-11-15 13:45:37.230 INFO [           main] [c.u.j.EncryptablePropertySourceConverter] makeEncryptable (38): Converting PropertySource systemProperties [org.springframework.core.env.MapPropertySource] to EncryptableMapPropertySourceWrapper
2019-11-15 13:45:37.230 INFO [           main] [c.u.j.EncryptablePropertySourceConverter] makeEncryptable (38): Converting PropertySource systemEnvironment [org.springframework.boot.env.SystemEnvironmentPropertySourceEnvironmentPostProcessor$OriginAwareSystemEnvironmentPropertySource] to EncryptableMapPropertySourceWrapper
2019-11-15 13:45:37.231 INFO [           main] [c.u.j.EncryptablePropertySourceConverter] makeEncryptable (38): Converting PropertySource random [org.springframework.boot.env.RandomValuePropertySource] to EncryptablePropertySourceWrapper
2019-11-15 13:45:37.231 INFO [           main] [c.u.j.EncryptablePropertySourceConverter] makeEncryptable (38): Converting PropertySource applicationConfig: [classpath:/application-local.yml] [org.springframework.boot.env.OriginTrackedMapPropertySource] to EncryptableMapPropertySourceWrapper
2019-11-15 13:45:37.231 INFO [           main] [c.u.j.EncryptablePropertySourceConverter] makeEncryptable (38): Converting PropertySource applicationConfig: [classpath:/application.yml] [org.springframework.boot.env.OriginTrackedMapPropertySource] to EncryptableMapPropertySourceWrapper
2019-11-15 13:45:37.231 INFO [           main] [c.u.j.EncryptablePropertySourceConverter] makeEncryptable (38): Converting PropertySource class path resource [properties/url-local.properties] [org.springframework.core.io.support.ResourcePropertySource] to EncryptableMapPropertySourceWrapper
2019-11-15 13:45:37.303 INFO [           main] [c.u.j.f.DefaultLazyPropertyFilter] lambda$null$2 (31): Property Filter custom Bean not found with name 'encryptablePropertyFilter'. Initializing Default Property Filter
2019-11-15 13:45:37.357 INFO [           main] [o.s.c.s.PostProcessorRegistrationDelegate$BeanPostProcessorChecker] log (87): Bean 'org.springframework.transaction.annotation.ProxyTransactionManagementConfiguration' of type [org.springframework.transaction.annotation.ProxyTransactionManagementConfiguration$$EnhancerBySpringCGLIB$$53763105] is not eligible for getting processed by all BeanPostProcessors (for example: not eligible for auto-proxying)
2019-11-15 13:45:37.416 INFO [           main] [c.u.j.r.DefaultLazyPropertyResolver] lambda$null$2 (31): Property Resolver custom Bean not found with name 'encryptablePropertyResolver'. Initializing Default Property Resolver
2019-11-15 13:45:37.418 INFO [           main] [c.u.j.d.DefaultLazyPropertyDetector] lambda$null$2 (30): Property Detector custom Bean not found with name 'encryptablePropertyDetector'. Initializing Default Property Detector
2019-11-15 13:45:37.631 INFO [           main] [c.z.h.HikariDataSource] getConnection (110): HikariPool-1 - Starting...
2019-11-15 13:45:38.119 INFO [           main] [c.z.h.HikariDataSource] getConnection (123): HikariPool-1 - Start completed.
2019-11-15 13:45:38.170 INFO [           main] [o.s.o.j.LocalContainerEntityManagerFactoryBean] log (87): Building JPA container EntityManagerFactory for persistence unit 'default'
2019-11-15 13:45:38.254 INFO [           main] [o.h.Version] logVersion (45): HHH000412: Hibernate Core {5.2.17.Final}
2019-11-15 13:45:38.255 INFO [           main] [o.h.c.Environment] <clinit> (213): HHH000206: hibernate.properties not found
2019-11-15 13:45:38.294 INFO [           main] [o.h.a.c.Version] <clinit> (66): HCANN000001: Hibernate Commons Annotations {5.0.1.Final}
2019-11-15 13:45:38.428 INFO [           main] [o.h.d.Dialect] <init> (157): HHH000400: Using dialect: org.hibernate.dialect.MySQL5Dialect
2019-11-15 13:45:39.013 INFO [           main] [o.s.o.j.LocalContainerEntityManagerFactoryBean] log (87): Initialized JPA EntityManagerFactory for persistence unit 'default'
2019-11-15 13:45:39.876 INFO [           main] [o.s.w.s.h.SimpleUrlHandlerMapping] log (87): Mapped URL path [/**/favicon.ico] onto handler of type [class org.springframework.web.servlet.resource.ResourceHttpRequestHandler]
2019-11-15 13:45:40.185 INFO [           main] [o.s.w.s.m.m.a.RequestMappingHandlerAdapter] log (87): Looking for @ControllerAdvice: org.springframework.web.context.support.GenericWebApplicationContext@5a5338df: startup date [Fri Nov 15 13:45:36 KST 2019]; root of context hierarchy
2019-11-15 13:45:40.396 WARN [           main] [o.s.b.a.o.j.JpaBaseConfiguration$JpaWebConfiguration$JpaWebMvcConfiguration] log (87): spring.jpa.open-in-view is enabled by default. Therefore, database queries may be performed during view rendering. Explicitly configure spring.jpa.open-in-view to disable this warning
2019-11-15 13:45:40.434 INFO [           main] [o.s.w.s.m.m.a.RequestMappingHandlerMapping] log (87): Mapped "{[/error]}" onto public org.springframework.http.ResponseEntity<java.util.Map<java.lang.String, java.lang.Object>> org.springframework.boot.autoconfigure.web.servlet.error.BasicErrorController.error(javax.servlet.http.HttpServletRequest)
2019-11-15 13:45:40.435 INFO [           main] [o.s.w.s.m.m.a.RequestMappingHandlerMapping] log (87): Mapped "{[/error],produces=[text/html]}" onto public org.springframework.web.servlet.ModelAndView org.springframework.boot.autoconfigure.web.servlet.error.BasicErrorController.errorHtml(javax.servlet.http.HttpServletRequest,javax.servlet.http.HttpServletResponse)
2019-11-15 13:45:40.464 INFO [           main] [o.s.w.s.h.SimpleUrlHandlerMapping] log (87): Mapped URL path [/webjars/**] onto handler of type [class org.springframework.web.servlet.resource.ResourceHttpRequestHandler]
2019-11-15 13:45:40.464 INFO [           main] [o.s.w.s.h.SimpleUrlHandlerMapping] log (87): Mapped URL path [/**] onto handler of type [class org.springframework.web.servlet.resource.ResourceHttpRequestHandler]
2019-11-15 13:45:40.770 INFO [           main] [c.h.OnepieceSanjiApplicationTests] log (87): Started OnepieceSanjiApplicationTests in 5.276 seconds (JVM running for 5.997)
2019-11-15 13:45:40.773 INFO [           main] [c.h.OnepieceSanjiApplication] applicationReadyEvent (34): applicationReady profiles:[local]
2019-11-15 13:46:07.155 INFO [           main] [c.h.OnepieceSanjiApplicationTests] log (87): Starting OnepieceSanjiApplicationTests on luke with PID 96952 (started by luke in /Users/luke/workplace/Onepiece/onepiece-sanji)
2019-11-15 13:46:07.156 INFO [           main] [c.h.OnepieceSanjiApplicationTests] log (87): The following profiles are active: local
2019-11-15 13:46:07.157 WARN [kground-preinit] [o.s.h.c.j.Jackson2ObjectMapperBuilder] log (87): For Jackson Kotlin classes support please add "com.fasterxml.jackson.module:jackson-module-kotlin" to the classpath
2019-11-15 13:46:07.172 INFO [           main] [o.s.w.c.s.GenericWebApplicationContext] log (87): Refreshing org.springframework.web.context.support.GenericWebApplicationContext@5a5338df: startup date [Fri Nov 15 13:46:07 KST 2019]; root of context hierarchy
2019-11-15 13:46:08.011 INFO [           main] [o.s.b.f.s.DefaultListableBeanFactory] log (87): Overriding bean definition for bean 'noticeRepository' with a different definition: replacing [Generic bean: class [com.hanaset.onepiececommon.repository.NoticeRepository]; scope=singleton; abstract=false; lazyInit=false; autowireMode=0; dependencyCheck=0; autowireCandidate=true; primary=false; factoryBeanName=null; factoryMethodName=null; initMethodName=null; destroyMethodName=null] with [Root bean: class [org.springframework.data.jpa.repository.support.JpaRepositoryFactoryBean]; scope=; abstract=false; lazyInit=false; autowireMode=0; dependencyCheck=0; autowireCandidate=true; primary=false; factoryBeanName=null; factoryMethodName=null; initMethodName=null; destroyMethodName=null]
2019-11-15 13:46:08.254 INFO [           main] [c.u.j.c.EnableEncryptablePropertiesBeanFactoryPostProcessor] postProcessBeanFactory (50): Post-processing PropertySource instances
2019-11-15 13:46:08.325 INFO [           main] [c.u.j.EncryptablePropertySourceConverter] makeEncryptable (38): Converting PropertySource configurationProperties [org.springframework.boot.context.properties.source.ConfigurationPropertySourcesPropertySource] to AOP Proxy
2019-11-15 13:46:08.326 INFO [           main] [c.u.j.EncryptablePropertySourceConverter] makeEncryptable (38): Converting PropertySource Inlined Test Properties [org.springframework.core.env.MapPropertySource] to EncryptableMapPropertySourceWrapper
2019-11-15 13:46:08.326 INFO [           main] [c.u.j.EncryptablePropertySourceConverter] makeEncryptable (38): Converting PropertySource test [org.springframework.core.env.MapPropertySource] to EncryptableMapPropertySourceWrapper
2019-11-15 13:46:08.326 INFO [           main] [c.u.j.EncryptablePropertySourceConverter] makeEncryptable (38): Converting PropertySource systemProperties [org.springframework.core.env.MapPropertySource] to EncryptableMapPropertySourceWrapper
2019-11-15 13:46:08.326 INFO [           main] [c.u.j.EncryptablePropertySourceConverter] makeEncryptable (38): Converting PropertySource systemEnvironment [org.springframework.boot.env.SystemEnvironmentPropertySourceEnvironmentPostProcessor$OriginAwareSystemEnvironmentPropertySource] to EncryptableMapPropertySourceWrapper
2019-11-15 13:46:08.327 INFO [           main] [c.u.j.EncryptablePropertySourceConverter] makeEncryptable (38): Converting PropertySource random [org.springframework.boot.env.RandomValuePropertySource] to EncryptablePropertySourceWrapper
2019-11-15 13:46:08.327 INFO [           main] [c.u.j.EncryptablePropertySourceConverter] makeEncryptable (38): Converting PropertySource applicationConfig: [classpath:/application-local.yml] [org.springframework.boot.env.OriginTrackedMapPropertySource] to EncryptableMapPropertySourceWrapper
2019-11-15 13:46:08.327 INFO [           main] [c.u.j.EncryptablePropertySourceConverter] makeEncryptable (38): Converting PropertySource applicationConfig: [classpath:/application.yml] [org.springframework.boot.env.OriginTrackedMapPropertySource] to EncryptableMapPropertySourceWrapper
2019-11-15 13:46:08.327 INFO [           main] [c.u.j.EncryptablePropertySourceConverter] makeEncryptable (38): Converting PropertySource class path resource [properties/url-local.properties] [org.springframework.core.io.support.ResourcePropertySource] to EncryptableMapPropertySourceWrapper
2019-11-15 13:46:08.398 INFO [           main] [c.u.j.f.DefaultLazyPropertyFilter] lambda$null$2 (31): Property Filter custom Bean not found with name 'encryptablePropertyFilter'. Initializing Default Property Filter
2019-11-15 13:46:08.452 INFO [           main] [o.s.c.s.PostProcessorRegistrationDelegate$BeanPostProcessorChecker] log (87): Bean 'org.springframework.transaction.annotation.ProxyTransactionManagementConfiguration' of type [org.springframework.transaction.annotation.ProxyTransactionManagementConfiguration$$EnhancerBySpringCGLIB$$53763105] is not eligible for getting processed by all BeanPostProcessors (for example: not eligible for auto-proxying)
2019-11-15 13:46:08.523 INFO [           main] [c.u.j.r.DefaultLazyPropertyResolver] lambda$null$2 (31): Property Resolver custom Bean not found with name 'encryptablePropertyResolver'. Initializing Default Property Resolver
2019-11-15 13:46:08.525 INFO [           main] [c.u.j.d.DefaultLazyPropertyDetector] lambda$null$2 (30): Property Detector custom Bean not found with name 'encryptablePropertyDetector'. Initializing Default Property Detector
2019-11-15 13:46:08.704 INFO [           main] [c.z.h.HikariDataSource] getConnection (110): HikariPool-1 - Starting...
2019-11-15 13:46:09.012 INFO [           main] [c.z.h.HikariDataSource] getConnection (123): HikariPool-1 - Start completed.
2019-11-15 13:46:09.061 INFO [           main] [o.s.o.j.LocalContainerEntityManagerFactoryBean] log (87): Building JPA container EntityManagerFactory for persistence unit 'default'
2019-11-15 13:46:09.144 INFO [           main] [o.h.Version] logVersion (45): HHH000412: Hibernate Core {5.2.17.Final}
2019-11-15 13:46:09.146 INFO [           main] [o.h.c.Environment] <clinit> (213): HHH000206: hibernate.properties not found
2019-11-15 13:46:09.185 INFO [           main] [o.h.a.c.Version] <clinit> (66): HCANN000001: Hibernate Commons Annotations {5.0.1.Final}
2019-11-15 13:46:09.326 INFO [           main] [o.h.d.Dialect] <init> (157): HHH000400: Using dialect: org.hibernate.dialect.MySQL5Dialect
2019-11-15 13:46:09.914 INFO [           main] [o.s.o.j.LocalContainerEntityManagerFactoryBean] log (87): Initialized JPA EntityManagerFactory for persistence unit 'default'
2019-11-15 13:46:10.737 INFO [           main] [o.s.w.s.h.SimpleUrlHandlerMapping] log (87): Mapped URL path [/**/favicon.ico] onto handler of type [class org.springframework.web.servlet.resource.ResourceHttpRequestHandler]
2019-11-15 13:46:11.017 INFO [           main] [o.s.w.s.m.m.a.RequestMappingHandlerAdapter] log (87): Looking for @ControllerAdvice: org.springframework.web.context.support.GenericWebApplicationContext@5a5338df: startup date [Fri Nov 15 13:46:07 KST 2019]; root of context hierarchy
2019-11-15 13:46:11.192 WARN [           main] [o.s.b.a.o.j.JpaBaseConfiguration$JpaWebConfiguration$JpaWebMvcConfiguration] log (87): spring.jpa.open-in-view is enabled by default. Therefore, database queries may be performed during view rendering. Explicitly configure spring.jpa.open-in-view to disable this warning
2019-11-15 13:46:11.226 INFO [           main] [o.s.w.s.m.m.a.RequestMappingHandlerMapping] log (87): Mapped "{[/error]}" onto public org.springframework.http.ResponseEntity<java.util.Map<java.lang.String, java.lang.Object>> org.springframework.boot.autoconfigure.web.servlet.error.BasicErrorController.error(javax.servlet.http.HttpServletRequest)
2019-11-15 13:46:11.227 INFO [           main] [o.s.w.s.m.m.a.RequestMappingHandlerMapping] log (87): Mapped "{[/error],produces=[text/html]}" onto public org.springframework.web.servlet.ModelAndView org.springframework.boot.autoconfigure.web.servlet.error.BasicErrorController.errorHtml(javax.servlet.http.HttpServletRequest,javax.servlet.http.HttpServletResponse)
2019-11-15 13:46:11.257 INFO [           main] [o.s.w.s.h.SimpleUrlHandlerMapping] log (87): Mapped URL path [/webjars/**] onto handler of type [class org.springframework.web.servlet.resource.ResourceHttpRequestHandler]
2019-11-15 13:46:11.258 INFO [           main] [o.s.w.s.h.SimpleUrlHandlerMapping] log (87): Mapped URL path [/**] onto handler of type [class org.springframework.web.servlet.resource.ResourceHttpRequestHandler]
2019-11-15 13:46:11.547 INFO [           main] [c.h.OnepieceSanjiApplicationTests] log (87): Started OnepieceSanjiApplicationTests in 4.947 seconds (JVM running for 5.761)
2019-11-15 13:46:11.550 INFO [           main] [c.h.OnepieceSanjiApplication] applicationReadyEvent (34): applicationReady profiles:[local]
