2019-11-13 12:17:27.796 DEBUG [           main] [o.h.SQL] logStatement (92): SELECT Max(notice_id) from Onepiece.TB_OP_NOTICE INNER JOIN TB_OP_EXCHANGE TOE on TB_OP_NOTICE.exchange_code = TOE.code where TOE.code = ?
2019-11-13 12:17:27.864 DEBUG [           main] [o.h.SQL] logStatement (92): select exchangeen_.code, exchangeen_.exchange as exchange2_0_, exchangeen_.oversea as oversea3_0_, exchangeen_.url as url4_0_ from TB_OP_EXCHANGE exchangeen_ where exchangeen_.code=?
2019-11-13 12:17:27.877 DEBUG [           main] [o.h.SQL] logStatement (92): insert into TB_OP_NOTICE (created_at, exchange_code, kind, notice_id, reg_dtime, title, upd_dtime, updated_at, url) values (?, ?, ?, ?, ?, ?, ?, ?, ?)
2019-11-13 12:17:27.891 DEBUG [           main] [o.h.SQL] logStatement (92): insert into TB_OP_NOTICE (created_at, exchange_code, kind, notice_id, reg_dtime, title, upd_dtime, updated_at, url) values (?, ?, ?, ?, ?, ?, ?, ?, ?)
2019-11-13 12:17:27.898 DEBUG [           main] [o.h.SQL] logStatement (92): insert into TB_OP_NOTICE (created_at, exchange_code, kind, notice_id, reg_dtime, title, upd_dtime, updated_at, url) values (?, ?, ?, ?, ?, ?, ?, ?, ?)
2019-11-13 12:17:27.906 DEBUG [           main] [o.h.SQL] logStatement (92): insert into TB_OP_NOTICE (created_at, exchange_code, kind, notice_id, reg_dtime, title, upd_dtime, updated_at, url) values (?, ?, ?, ?, ?, ?, ?, ?, ?)
2019-11-13 12:17:27.914 DEBUG [           main] [o.h.SQL] logStatement (92): insert into TB_OP_NOTICE (created_at, exchange_code, kind, notice_id, reg_dtime, title, upd_dtime, updated_at, url) values (?, ?, ?, ?, ?, ?, ?, ?, ?)
2019-11-13 12:17:27.920 DEBUG [           main] [o.h.SQL] logStatement (92): insert into TB_OP_NOTICE (created_at, exchange_code, kind, notice_id, reg_dtime, title, upd_dtime, updated_at, url) values (?, ?, ?, ?, ?, ?, ?, ?, ?)
2019-11-13 12:17:28.018 DEBUG [           main] [o.h.SQL] logStatement (92): insert into TB_OP_NOTICE (created_at, exchange_code, kind, notice_id, reg_dtime, title, upd_dtime, updated_at, url) values (?, ?, ?, ?, ?, ?, ?, ?, ?)
2019-11-13 12:17:28.026 DEBUG [           main] [o.h.SQL] logStatement (92): insert into TB_OP_NOTICE (created_at, exchange_code, kind, notice_id, reg_dtime, title, upd_dtime, updated_at, url) values (?, ?, ?, ?, ?, ?, ?, ?, ?)
2019-11-13 12:17:28.032 DEBUG [           main] [o.h.SQL] logStatement (92): insert into TB_OP_NOTICE (created_at, exchange_code, kind, notice_id, reg_dtime, title, upd_dtime, updated_at, url) values (?, ?, ?, ?, ?, ?, ?, ?, ?)
2019-11-13 12:17:28.040 DEBUG [           main] [o.h.SQL] logStatement (92): insert into TB_OP_NOTICE (created_at, exchange_code, kind, notice_id, reg_dtime, title, upd_dtime, updated_at, url) values (?, ?, ?, ?, ?, ?, ?, ?, ?)
2019-11-13 12:17:28.048 DEBUG [           main] [o.h.SQL] logStatement (92): insert into TB_OP_NOTICE (created_at, exchange_code, kind, notice_id, reg_dtime, title, upd_dtime, updated_at, url) values (?, ?, ?, ?, ?, ?, ?, ?, ?)
2019-11-13 12:17:28.054 DEBUG [           main] [o.h.SQL] logStatement (92): insert into TB_OP_NOTICE (created_at, exchange_code, kind, notice_id, reg_dtime, title, upd_dtime, updated_at, url) values (?, ?, ?, ?, ?, ?, ?, ?, ?)
2019-11-13 12:17:28.062 DEBUG [           main] [o.h.SQL] logStatement (92): insert into TB_OP_NOTICE (created_at, exchange_code, kind, notice_id, reg_dtime, title, upd_dtime, updated_at, url) values (?, ?, ?, ?, ?, ?, ?, ?, ?)
2019-11-13 12:17:28.069 DEBUG [           main] [o.h.SQL] logStatement (92): insert into TB_OP_NOTICE (created_at, exchange_code, kind, notice_id, reg_dtime, title, upd_dtime, updated_at, url) values (?, ?, ?, ?, ?, ?, ?, ?, ?)
2019-11-13 12:17:28.076 DEBUG [           main] [o.h.SQL] logStatement (92): insert into TB_OP_NOTICE (created_at, exchange_code, kind, notice_id, reg_dtime, title, upd_dtime, updated_at, url) values (?, ?, ?, ?, ?, ?, ?, ?, ?)
2019-11-13 12:17:28.084 DEBUG [           main] [o.h.SQL] logStatement (92): insert into TB_OP_NOTICE (created_at, exchange_code, kind, notice_id, reg_dtime, title, upd_dtime, updated_at, url) values (?, ?, ?, ?, ?, ?, ?, ?, ?)
2019-11-13 12:17:28.091 DEBUG [           main] [o.h.SQL] logStatement (92): insert into TB_OP_NOTICE (created_at, exchange_code, kind, notice_id, reg_dtime, title, upd_dtime, updated_at, url) values (?, ?, ?, ?, ?, ?, ?, ?, ?)
2019-11-13 12:17:28.097 DEBUG [           main] [o.h.SQL] logStatement (92): insert into TB_OP_NOTICE (created_at, exchange_code, kind, notice_id, reg_dtime, title, upd_dtime, updated_at, url) values (?, ?, ?, ?, ?, ?, ?, ?, ?)
2019-11-13 12:17:28.103 DEBUG [           main] [o.h.SQL] logStatement (92): insert into TB_OP_NOTICE (created_at, exchange_code, kind, notice_id, reg_dtime, title, upd_dtime, updated_at, url) values (?, ?, ?, ?, ?, ?, ?, ?, ?)
2019-11-13 12:17:28.109 DEBUG [           main] [o.h.SQL] logStatement (92): insert into TB_OP_NOTICE (created_at, exchange_code, kind, notice_id, reg_dtime, title, upd_dtime, updated_at, url) values (?, ?, ?, ?, ?, ?, ?, ?, ?)
2019-11-13 12:21:50.562 DEBUG [           main] [o.h.SQL] logStatement (92): SELECT Max(notice_id) from Onepiece.TB_OP_NOTICE INNER JOIN TB_OP_EXCHANGE TOE on TB_OP_NOTICE.exchange_code = TOE.code where TOE.code = ?
2019-11-13 12:21:50.642 DEBUG [           main] [o.h.SQL] logStatement (92): select exchangeen_.code, exchangeen_.exchange as exchange2_0_, exchangeen_.oversea as oversea3_0_, exchangeen_.url as url4_0_ from TB_OP_EXCHANGE exchangeen_ where exchangeen_.code=?
2019-11-13 12:21:50.657 DEBUG [           main] [o.h.SQL] logStatement (92): insert into TB_OP_NOTICE (created_at, exchange_code, kind, notice_id, reg_dtime, title, upd_dtime, updated_at, url) values (?, ?, ?, ?, ?, ?, ?, ?, ?)
2019-11-13 12:21:50.669 DEBUG [           main] [o.h.SQL] logStatement (92): insert into TB_OP_NOTICE (created_at, exchange_code, kind, notice_id, reg_dtime, title, upd_dtime, updated_at, url) values (?, ?, ?, ?, ?, ?, ?, ?, ?)
2019-11-13 12:21:50.675 DEBUG [           main] [o.h.SQL] logStatement (92): insert into TB_OP_NOTICE (created_at, exchange_code, kind, notice_id, reg_dtime, title, upd_dtime, updated_at, url) values (?, ?, ?, ?, ?, ?, ?, ?, ?)
2019-11-13 12:21:50.681 DEBUG [           main] [o.h.SQL] logStatement (92): insert into TB_OP_NOTICE (created_at, exchange_code, kind, notice_id, reg_dtime, title, upd_dtime, updated_at, url) values (?, ?, ?, ?, ?, ?, ?, ?, ?)
2019-11-13 12:21:50.687 DEBUG [           main] [o.h.SQL] logStatement (92): insert into TB_OP_NOTICE (created_at, exchange_code, kind, notice_id, reg_dtime, title, upd_dtime, updated_at, url) values (?, ?, ?, ?, ?, ?, ?, ?, ?)
2019-11-13 12:21:50.694 DEBUG [           main] [o.h.SQL] logStatement (92): insert into TB_OP_NOTICE (created_at, exchange_code, kind, notice_id, reg_dtime, title, upd_dtime, updated_at, url) values (?, ?, ?, ?, ?, ?, ?, ?, ?)
2019-11-13 12:21:50.702 DEBUG [           main] [o.h.SQL] logStatement (92): insert into TB_OP_NOTICE (created_at, exchange_code, kind, notice_id, reg_dtime, title, upd_dtime, updated_at, url) values (?, ?, ?, ?, ?, ?, ?, ?, ?)
2019-11-13 12:21:50.711 DEBUG [           main] [o.h.SQL] logStatement (92): insert into TB_OP_NOTICE (created_at, exchange_code, kind, notice_id, reg_dtime, title, upd_dtime, updated_at, url) values (?, ?, ?, ?, ?, ?, ?, ?, ?)
2019-11-13 12:21:50.719 DEBUG [           main] [o.h.SQL] logStatement (92): insert into TB_OP_NOTICE (created_at, exchange_code, kind, notice_id, reg_dtime, title, upd_dtime, updated_at, url) values (?, ?, ?, ?, ?, ?, ?, ?, ?)
2019-11-13 12:21:50.727 DEBUG [           main] [o.h.SQL] logStatement (92): insert into TB_OP_NOTICE (created_at, exchange_code, kind, notice_id, reg_dtime, title, upd_dtime, updated_at, url) values (?, ?, ?, ?, ?, ?, ?, ?, ?)
2019-11-13 12:21:50.783 DEBUG [           main] [o.h.SQL] logStatement (92): insert into TB_OP_NOTICE (created_at, exchange_code, kind, notice_id, reg_dtime, title, upd_dtime, updated_at, url) values (?, ?, ?, ?, ?, ?, ?, ?, ?)
2019-11-13 12:21:50.791 DEBUG [           main] [o.h.SQL] logStatement (92): insert into TB_OP_NOTICE (created_at, exchange_code, kind, notice_id, reg_dtime, title, upd_dtime, updated_at, url) values (?, ?, ?, ?, ?, ?, ?, ?, ?)
2019-11-13 12:21:50.884 DEBUG [           main] [o.h.SQL] logStatement (92): insert into TB_OP_NOTICE (created_at, exchange_code, kind, notice_id, reg_dtime, title, upd_dtime, updated_at, url) values (?, ?, ?, ?, ?, ?, ?, ?, ?)
2019-11-13 12:21:50.893 DEBUG [           main] [o.h.SQL] logStatement (92): insert into TB_OP_NOTICE (created_at, exchange_code, kind, notice_id, reg_dtime, title, upd_dtime, updated_at, url) values (?, ?, ?, ?, ?, ?, ?, ?, ?)
2019-11-13 12:21:50.900 DEBUG [           main] [o.h.SQL] logStatement (92): insert into TB_OP_NOTICE (created_at, exchange_code, kind, notice_id, reg_dtime, title, upd_dtime, updated_at, url) values (?, ?, ?, ?, ?, ?, ?, ?, ?)
2019-11-13 12:21:50.908 DEBUG [           main] [o.h.SQL] logStatement (92): insert into TB_OP_NOTICE (created_at, exchange_code, kind, notice_id, reg_dtime, title, upd_dtime, updated_at, url) values (?, ?, ?, ?, ?, ?, ?, ?, ?)
2019-11-13 12:21:50.915 DEBUG [           main] [o.h.SQL] logStatement (92): insert into TB_OP_NOTICE (created_at, exchange_code, kind, notice_id, reg_dtime, title, upd_dtime, updated_at, url) values (?, ?, ?, ?, ?, ?, ?, ?, ?)
2019-11-13 12:21:50.922 DEBUG [           main] [o.h.SQL] logStatement (92): insert into TB_OP_NOTICE (created_at, exchange_code, kind, notice_id, reg_dtime, title, upd_dtime, updated_at, url) values (?, ?, ?, ?, ?, ?, ?, ?, ?)
2019-11-13 12:21:50.930 DEBUG [           main] [o.h.SQL] logStatement (92): insert into TB_OP_NOTICE (created_at, exchange_code, kind, notice_id, reg_dtime, title, upd_dtime, updated_at, url) values (?, ?, ?, ?, ?, ?, ?, ?, ?)
2019-11-13 12:21:50.938 DEBUG [           main] [o.h.SQL] logStatement (92): insert into TB_OP_NOTICE (created_at, exchange_code, kind, notice_id, reg_dtime, title, upd_dtime, updated_at, url) values (?, ?, ?, ?, ?, ?, ?, ?, ?)
2019-11-13 12:22:24.583 DEBUG [           main] [o.h.SQL] logStatement (92): SELECT Max(notice_id) from Onepiece.TB_OP_NOTICE INNER JOIN TB_OP_EXCHANGE TOE on TB_OP_NOTICE.exchange_code = TOE.code where TOE.code = ? and kind =?
2019-11-13 12:22:25.171 DEBUG [           main] [o.h.SQL] logStatement (92): select exchangeen_.code, exchangeen_.exchange as exchange2_0_, exchangeen_.oversea as oversea3_0_, exchangeen_.url as url4_0_ from TB_OP_EXCHANGE exchangeen_ where exchangeen_.code=?
2019-11-13 12:22:25.403 DEBUG [           main] [o.h.SQL] logStatement (92): insert into TB_OP_NOTICE (created_at, exchange_code, kind, notice_id, reg_dtime, title, upd_dtime, updated_at, url) values (?, ?, ?, ?, ?, ?, ?, ?, ?)
2019-11-13 12:22:25.416 DEBUG [           main] [o.h.SQL] logStatement (92): insert into TB_OP_NOTICE (created_at, exchange_code, kind, notice_id, reg_dtime, title, upd_dtime, updated_at, url) values (?, ?, ?, ?, ?, ?, ?, ?, ?)
2019-11-13 12:22:25.424 DEBUG [           main] [o.h.SQL] logStatement (92): insert into TB_OP_NOTICE (created_at, exchange_code, kind, notice_id, reg_dtime, title, upd_dtime, updated_at, url) values (?, ?, ?, ?, ?, ?, ?, ?, ?)
2019-11-13 12:22:25.433 DEBUG [           main] [o.h.SQL] logStatement (92): insert into TB_OP_NOTICE (created_at, exchange_code, kind, notice_id, reg_dtime, title, upd_dtime, updated_at, url) values (?, ?, ?, ?, ?, ?, ?, ?, ?)
2019-11-13 12:22:25.440 DEBUG [           main] [o.h.SQL] logStatement (92): insert into TB_OP_NOTICE (created_at, exchange_code, kind, notice_id, reg_dtime, title, upd_dtime, updated_at, url) values (?, ?, ?, ?, ?, ?, ?, ?, ?)
2019-11-13 12:22:25.448 DEBUG [           main] [o.h.SQL] logStatement (92): insert into TB_OP_NOTICE (created_at, exchange_code, kind, notice_id, reg_dtime, title, upd_dtime, updated_at, url) values (?, ?, ?, ?, ?, ?, ?, ?, ?)
2019-11-13 12:22:25.465 DEBUG [           main] [o.h.SQL] logStatement (92): insert into TB_OP_NOTICE (created_at, exchange_code, kind, notice_id, reg_dtime, title, upd_dtime, updated_at, url) values (?, ?, ?, ?, ?, ?, ?, ?, ?)
2019-11-13 12:22:25.475 DEBUG [           main] [o.h.SQL] logStatement (92): insert into TB_OP_NOTICE (created_at, exchange_code, kind, notice_id, reg_dtime, title, upd_dtime, updated_at, url) values (?, ?, ?, ?, ?, ?, ?, ?, ?)
2019-11-13 12:22:25.482 DEBUG [           main] [o.h.SQL] logStatement (92): insert into TB_OP_NOTICE (created_at, exchange_code, kind, notice_id, reg_dtime, title, upd_dtime, updated_at, url) values (?, ?, ?, ?, ?, ?, ?, ?, ?)
2019-11-13 12:22:25.489 DEBUG [           main] [o.h.SQL] logStatement (92): insert into TB_OP_NOTICE (created_at, exchange_code, kind, notice_id, reg_dtime, title, upd_dtime, updated_at, url) values (?, ?, ?, ?, ?, ?, ?, ?, ?)
2019-11-13 12:22:25.499 DEBUG [           main] [o.h.SQL] logStatement (92): insert into TB_OP_NOTICE (created_at, exchange_code, kind, notice_id, reg_dtime, title, upd_dtime, updated_at, url) values (?, ?, ?, ?, ?, ?, ?, ?, ?)
2019-11-13 12:22:25.507 DEBUG [           main] [o.h.SQL] logStatement (92): insert into TB_OP_NOTICE (created_at, exchange_code, kind, notice_id, reg_dtime, title, upd_dtime, updated_at, url) values (?, ?, ?, ?, ?, ?, ?, ?, ?)
2019-11-13 12:22:25.678 DEBUG [           main] [o.h.SQL] logStatement (92): SELECT Max(notice_id) from Onepiece.TB_OP_NOTICE INNER JOIN TB_OP_EXCHANGE TOE on TB_OP_NOTICE.exchange_code = TOE.code where TOE.code = ? and kind =?
2019-11-13 12:22:25.700 DEBUG [           main] [o.h.SQL] logStatement (92): select exchangeen_.code, exchangeen_.exchange as exchange2_0_, exchangeen_.oversea as oversea3_0_, exchangeen_.url as url4_0_ from TB_OP_EXCHANGE exchangeen_ where exchangeen_.code=?
2019-11-13 12:22:25.706 DEBUG [           main] [o.h.SQL] logStatement (92): insert into TB_OP_NOTICE (created_at, exchange_code, kind, notice_id, reg_dtime, title, upd_dtime, updated_at, url) values (?, ?, ?, ?, ?, ?, ?, ?, ?)
2019-11-13 12:22:25.712 DEBUG [           main] [o.h.SQL] logStatement (92): insert into TB_OP_NOTICE (created_at, exchange_code, kind, notice_id, reg_dtime, title, upd_dtime, updated_at, url) values (?, ?, ?, ?, ?, ?, ?, ?, ?)
2019-11-13 12:22:25.719 DEBUG [           main] [o.h.SQL] logStatement (92): insert into TB_OP_NOTICE (created_at, exchange_code, kind, notice_id, reg_dtime, title, upd_dtime, updated_at, url) values (?, ?, ?, ?, ?, ?, ?, ?, ?)
2019-11-13 12:22:25.727 DEBUG [           main] [o.h.SQL] logStatement (92): insert into TB_OP_NOTICE (created_at, exchange_code, kind, notice_id, reg_dtime, title, upd_dtime, updated_at, url) values (?, ?, ?, ?, ?, ?, ?, ?, ?)
2019-11-13 12:22:25.734 DEBUG [           main] [o.h.SQL] logStatement (92): insert into TB_OP_NOTICE (created_at, exchange_code, kind, notice_id, reg_dtime, title, upd_dtime, updated_at, url) values (?, ?, ?, ?, ?, ?, ?, ?, ?)
2019-11-13 12:22:25.741 DEBUG [           main] [o.h.SQL] logStatement (92): insert into TB_OP_NOTICE (created_at, exchange_code, kind, notice_id, reg_dtime, title, upd_dtime, updated_at, url) values (?, ?, ?, ?, ?, ?, ?, ?, ?)
2019-11-13 12:22:25.803 DEBUG [           main] [o.h.SQL] logStatement (92): insert into TB_OP_NOTICE (created_at, exchange_code, kind, notice_id, reg_dtime, title, upd_dtime, updated_at, url) values (?, ?, ?, ?, ?, ?, ?, ?, ?)
2019-11-13 12:22:25.811 DEBUG [           main] [o.h.SQL] logStatement (92): insert into TB_OP_NOTICE (created_at, exchange_code, kind, notice_id, reg_dtime, title, upd_dtime, updated_at, url) values (?, ?, ?, ?, ?, ?, ?, ?, ?)
2019-11-13 12:22:25.819 DEBUG [           main] [o.h.SQL] logStatement (92): insert into TB_OP_NOTICE (created_at, exchange_code, kind, notice_id, reg_dtime, title, upd_dtime, updated_at, url) values (?, ?, ?, ?, ?, ?, ?, ?, ?)
2019-11-13 12:22:25.828 DEBUG [           main] [o.h.SQL] logStatement (92): insert into TB_OP_NOTICE (created_at, exchange_code, kind, notice_id, reg_dtime, title, upd_dtime, updated_at, url) values (?, ?, ?, ?, ?, ?, ?, ?, ?)
2019-11-13 12:22:25.835 DEBUG [           main] [o.h.SQL] logStatement (92): insert into TB_OP_NOTICE (created_at, exchange_code, kind, notice_id, reg_dtime, title, upd_dtime, updated_at, url) values (?, ?, ?, ?, ?, ?, ?, ?, ?)
2019-11-13 12:22:25.843 DEBUG [           main] [o.h.SQL] logStatement (92): insert into TB_OP_NOTICE (created_at, exchange_code, kind, notice_id, reg_dtime, title, upd_dtime, updated_at, url) values (?, ?, ?, ?, ?, ?, ?, ?, ?)
2019-11-13 12:22:25.850 DEBUG [           main] [o.h.SQL] logStatement (92): insert into TB_OP_NOTICE (created_at, exchange_code, kind, notice_id, reg_dtime, title, upd_dtime, updated_at, url) values (?, ?, ?, ?, ?, ?, ?, ?, ?)
2019-11-13 12:22:25.858 DEBUG [           main] [o.h.SQL] logStatement (92): insert into TB_OP_NOTICE (created_at, exchange_code, kind, notice_id, reg_dtime, title, upd_dtime, updated_at, url) values (?, ?, ?, ?, ?, ?, ?, ?, ?)
2019-11-13 12:22:25.865 DEBUG [           main] [o.h.SQL] logStatement (92): insert into TB_OP_NOTICE (created_at, exchange_code, kind, notice_id, reg_dtime, title, upd_dtime, updated_at, url) values (?, ?, ?, ?, ?, ?, ?, ?, ?)
2019-11-13 12:22:25.873 DEBUG [           main] [o.h.SQL] logStatement (92): insert into TB_OP_NOTICE (created_at, exchange_code, kind, notice_id, reg_dtime, title, upd_dtime, updated_at, url) values (?, ?, ?, ?, ?, ?, ?, ?, ?)
2019-11-13 12:22:25.880 DEBUG [           main] [o.h.SQL] logStatement (92): insert into TB_OP_NOTICE (created_at, exchange_code, kind, notice_id, reg_dtime, title, upd_dtime, updated_at, url) values (?, ?, ?, ?, ?, ?, ?, ?, ?)
2019-11-13 12:22:25.888 DEBUG [           main] [o.h.SQL] logStatement (92): insert into TB_OP_NOTICE (created_at, exchange_code, kind, notice_id, reg_dtime, title, upd_dtime, updated_at, url) values (?, ?, ?, ?, ?, ?, ?, ?, ?)
2019-11-13 12:22:25.905 DEBUG [           main] [o.h.SQL] logStatement (92): insert into TB_OP_NOTICE (created_at, exchange_code, kind, notice_id, reg_dtime, title, upd_dtime, updated_at, url) values (?, ?, ?, ?, ?, ?, ?, ?, ?)
2019-11-13 12:22:25.913 DEBUG [           main] [o.h.SQL] logStatement (92): insert into TB_OP_NOTICE (created_at, exchange_code, kind, notice_id, reg_dtime, title, upd_dtime, updated_at, url) values (?, ?, ?, ?, ?, ?, ?, ?, ?)
2019-11-13 12:22:25.921 DEBUG [           main] [o.h.SQL] logStatement (92): insert into TB_OP_NOTICE (created_at, exchange_code, kind, notice_id, reg_dtime, title, upd_dtime, updated_at, url) values (?, ?, ?, ?, ?, ?, ?, ?, ?)
2019-11-13 12:22:25.930 DEBUG [           main] [o.h.SQL] logStatement (92): insert into TB_OP_NOTICE (created_at, exchange_code, kind, notice_id, reg_dtime, title, upd_dtime, updated_at, url) values (?, ?, ?, ?, ?, ?, ?, ?, ?)
2019-11-13 12:22:25.938 DEBUG [           main] [o.h.SQL] logStatement (92): insert into TB_OP_NOTICE (created_at, exchange_code, kind, notice_id, reg_dtime, title, upd_dtime, updated_at, url) values (?, ?, ?, ?, ?, ?, ?, ?, ?)
2019-11-13 12:22:25.946 DEBUG [           main] [o.h.SQL] logStatement (92): insert into TB_OP_NOTICE (created_at, exchange_code, kind, notice_id, reg_dtime, title, upd_dtime, updated_at, url) values (?, ?, ?, ?, ?, ?, ?, ?, ?)
2019-11-13 12:22:25.953 DEBUG [           main] [o.h.SQL] logStatement (92): insert into TB_OP_NOTICE (created_at, exchange_code, kind, notice_id, reg_dtime, title, upd_dtime, updated_at, url) values (?, ?, ?, ?, ?, ?, ?, ?, ?)
2019-11-13 12:22:25.959 DEBUG [           main] [o.h.SQL] logStatement (92): insert into TB_OP_NOTICE (created_at, exchange_code, kind, notice_id, reg_dtime, title, upd_dtime, updated_at, url) values (?, ?, ?, ?, ?, ?, ?, ?, ?)
2019-11-13 12:22:25.967 DEBUG [           main] [o.h.SQL] logStatement (92): insert into TB_OP_NOTICE (created_at, exchange_code, kind, notice_id, reg_dtime, title, upd_dtime, updated_at, url) values (?, ?, ?, ?, ?, ?, ?, ?, ?)
2019-11-13 12:22:25.973 DEBUG [           main] [o.h.SQL] logStatement (92): insert into TB_OP_NOTICE (created_at, exchange_code, kind, notice_id, reg_dtime, title, upd_dtime, updated_at, url) values (?, ?, ?, ?, ?, ?, ?, ?, ?)
2019-11-13 12:22:25.981 DEBUG [           main] [o.h.SQL] logStatement (92): insert into TB_OP_NOTICE (created_at, exchange_code, kind, notice_id, reg_dtime, title, upd_dtime, updated_at, url) values (?, ?, ?, ?, ?, ?, ?, ?, ?)
2019-11-13 12:22:25.988 DEBUG [           main] [o.h.SQL] logStatement (92): insert into TB_OP_NOTICE (created_at, exchange_code, kind, notice_id, reg_dtime, title, upd_dtime, updated_at, url) values (?, ?, ?, ?, ?, ?, ?, ?, ?)
2019-11-13 12:22:25.996 DEBUG [           main] [o.h.SQL] logStatement (92): insert into TB_OP_NOTICE (created_at, exchange_code, kind, notice_id, reg_dtime, title, upd_dtime, updated_at, url) values (?, ?, ?, ?, ?, ?, ?, ?, ?)
2019-11-13 12:22:52.595 DEBUG [           main] [o.h.SQL] logStatement (92): SELECT Max(notice_id) from Onepiece.TB_OP_NOTICE INNER JOIN TB_OP_EXCHANGE TOE on TB_OP_NOTICE.exchange_code = TOE.code where TOE.code = ?
2019-11-13 12:22:53.417 DEBUG [           main] [o.h.SQL] logStatement (92): select exchangeen_.code, exchangeen_.exchange as exchange2_0_, exchangeen_.oversea as oversea3_0_, exchangeen_.url as url4_0_ from TB_OP_EXCHANGE exchangeen_ where exchangeen_.code=?
2019-11-13 12:22:53.431 DEBUG [           main] [o.h.SQL] logStatement (92): insert into TB_OP_NOTICE (created_at, exchange_code, kind, notice_id, reg_dtime, title, upd_dtime, updated_at, url) values (?, ?, ?, ?, ?, ?, ?, ?, ?)
2019-11-13 12:22:53.446 DEBUG [           main] [o.h.SQL] logStatement (92): insert into TB_OP_NOTICE (created_at, exchange_code, kind, notice_id, reg_dtime, title, upd_dtime, updated_at, url) values (?, ?, ?, ?, ?, ?, ?, ?, ?)
2019-11-13 12:22:53.455 DEBUG [           main] [o.h.SQL] logStatement (92): insert into TB_OP_NOTICE (created_at, exchange_code, kind, notice_id, reg_dtime, title, upd_dtime, updated_at, url) values (?, ?, ?, ?, ?, ?, ?, ?, ?)
2019-11-13 12:23:16.374 DEBUG [           main] [o.h.SQL] logStatement (92): SELECT Max(notice_id) from Onepiece.TB_OP_NOTICE INNER JOIN TB_OP_EXCHANGE TOE on TB_OP_NOTICE.exchange_code = TOE.code where TOE.code = ?
2019-11-13 12:26:10.710 DEBUG [           main] [o.h.SQL] logStatement (92): SELECT Max(notice_id) from Onepiece.TB_OP_NOTICE INNER JOIN TB_OP_EXCHANGE TOE on TB_OP_NOTICE.exchange_code = TOE.code where TOE.code = ?
2019-11-13 12:29:49.992 DEBUG [           main] [o.h.SQL] logStatement (92): SELECT Max(notice_id) from Onepiece.TB_OP_NOTICE INNER JOIN TB_OP_EXCHANGE TOE on TB_OP_NOTICE.exchange_code = TOE.code where TOE.code = ? and kind =?
2019-11-13 12:29:50.079 DEBUG [           main] [o.h.SQL] logStatement (92): select exchangeen_.code, exchangeen_.exchange as exchange2_0_, exchangeen_.oversea as oversea3_0_, exchangeen_.url as url4_0_ from TB_OP_EXCHANGE exchangeen_ where exchangeen_.code=?
2019-11-13 12:29:50.095 DEBUG [           main] [o.h.SQL] logStatement (92): insert into TB_OP_NOTICE (created_at, exchange_code, kind, notice_id, reg_dtime, title, upd_dtime, updated_at, url) values (?, ?, ?, ?, ?, ?, ?, ?, ?)
2019-11-13 12:29:50.110 DEBUG [           main] [o.h.SQL] logStatement (92): insert into TB_OP_NOTICE (created_at, exchange_code, kind, notice_id, reg_dtime, title, upd_dtime, updated_at, url) values (?, ?, ?, ?, ?, ?, ?, ?, ?)
2019-11-13 12:29:50.118 DEBUG [           main] [o.h.SQL] logStatement (92): insert into TB_OP_NOTICE (created_at, exchange_code, kind, notice_id, reg_dtime, title, upd_dtime, updated_at, url) values (?, ?, ?, ?, ?, ?, ?, ?, ?)
2019-11-13 12:29:50.127 DEBUG [           main] [o.h.SQL] logStatement (92): insert into TB_OP_NOTICE (created_at, exchange_code, kind, notice_id, reg_dtime, title, upd_dtime, updated_at, url) values (?, ?, ?, ?, ?, ?, ?, ?, ?)
2019-11-13 12:29:50.135 DEBUG [           main] [o.h.SQL] logStatement (92): insert into TB_OP_NOTICE (created_at, exchange_code, kind, notice_id, reg_dtime, title, upd_dtime, updated_at, url) values (?, ?, ?, ?, ?, ?, ?, ?, ?)
2019-11-13 12:29:50.144 DEBUG [           main] [o.h.SQL] logStatement (92): insert into TB_OP_NOTICE (created_at, exchange_code, kind, notice_id, reg_dtime, title, upd_dtime, updated_at, url) values (?, ?, ?, ?, ?, ?, ?, ?, ?)
2019-11-13 12:29:50.152 DEBUG [           main] [o.h.SQL] logStatement (92): insert into TB_OP_NOTICE (created_at, exchange_code, kind, notice_id, reg_dtime, title, upd_dtime, updated_at, url) values (?, ?, ?, ?, ?, ?, ?, ?, ?)
2019-11-13 12:29:50.161 DEBUG [           main] [o.h.SQL] logStatement (92): insert into TB_OP_NOTICE (created_at, exchange_code, kind, notice_id, reg_dtime, title, upd_dtime, updated_at, url) values (?, ?, ?, ?, ?, ?, ?, ?, ?)
2019-11-13 12:29:50.170 DEBUG [           main] [o.h.SQL] logStatement (92): insert into TB_OP_NOTICE (created_at, exchange_code, kind, notice_id, reg_dtime, title, upd_dtime, updated_at, url) values (?, ?, ?, ?, ?, ?, ?, ?, ?)
2019-11-13 12:29:50.180 DEBUG [           main] [o.h.SQL] logStatement (92): insert into TB_OP_NOTICE (created_at, exchange_code, kind, notice_id, reg_dtime, title, upd_dtime, updated_at, url) values (?, ?, ?, ?, ?, ?, ?, ?, ?)
2019-11-13 12:29:50.466 DEBUG [           main] [o.h.SQL] logStatement (92): SELECT Max(notice_id) from Onepiece.TB_OP_NOTICE INNER JOIN TB_OP_EXCHANGE TOE on TB_OP_NOTICE.exchange_code = TOE.code where TOE.code = ? and kind =?
2019-11-13 12:29:50.500 DEBUG [           main] [o.h.SQL] logStatement (92): select exchangeen_.code, exchangeen_.exchange as exchange2_0_, exchangeen_.oversea as oversea3_0_, exchangeen_.url as url4_0_ from TB_OP_EXCHANGE exchangeen_ where exchangeen_.code=?
2019-11-13 12:29:50.506 DEBUG [           main] [o.h.SQL] logStatement (92): insert into TB_OP_NOTICE (created_at, exchange_code, kind, notice_id, reg_dtime, title, upd_dtime, updated_at, url) values (?, ?, ?, ?, ?, ?, ?, ?, ?)
2019-11-13 12:29:50.514 DEBUG [           main] [o.h.SQL] logStatement (92): insert into TB_OP_NOTICE (created_at, exchange_code, kind, notice_id, reg_dtime, title, upd_dtime, updated_at, url) values (?, ?, ?, ?, ?, ?, ?, ?, ?)
2019-11-13 12:29:50.521 DEBUG [           main] [o.h.SQL] logStatement (92): insert into TB_OP_NOTICE (created_at, exchange_code, kind, notice_id, reg_dtime, title, upd_dtime, updated_at, url) values (?, ?, ?, ?, ?, ?, ?, ?, ?)
2019-11-13 12:29:50.528 DEBUG [           main] [o.h.SQL] logStatement (92): insert into TB_OP_NOTICE (created_at, exchange_code, kind, notice_id, reg_dtime, title, upd_dtime, updated_at, url) values (?, ?, ?, ?, ?, ?, ?, ?, ?)
2019-11-13 12:29:50.536 DEBUG [           main] [o.h.SQL] logStatement (92): insert into TB_OP_NOTICE (created_at, exchange_code, kind, notice_id, reg_dtime, title, upd_dtime, updated_at, url) values (?, ?, ?, ?, ?, ?, ?, ?, ?)
2019-11-13 12:29:50.543 DEBUG [           main] [o.h.SQL] logStatement (92): insert into TB_OP_NOTICE (created_at, exchange_code, kind, notice_id, reg_dtime, title, upd_dtime, updated_at, url) values (?, ?, ?, ?, ?, ?, ?, ?, ?)
2019-11-13 12:29:50.551 DEBUG [           main] [o.h.SQL] logStatement (92): insert into TB_OP_NOTICE (created_at, exchange_code, kind, notice_id, reg_dtime, title, upd_dtime, updated_at, url) values (?, ?, ?, ?, ?, ?, ?, ?, ?)
2019-11-13 12:29:50.558 DEBUG [           main] [o.h.SQL] logStatement (92): insert into TB_OP_NOTICE (created_at, exchange_code, kind, notice_id, reg_dtime, title, upd_dtime, updated_at, url) values (?, ?, ?, ?, ?, ?, ?, ?, ?)
2019-11-13 12:29:50.564 DEBUG [           main] [o.h.SQL] logStatement (92): insert into TB_OP_NOTICE (created_at, exchange_code, kind, notice_id, reg_dtime, title, upd_dtime, updated_at, url) values (?, ?, ?, ?, ?, ?, ?, ?, ?)
2019-11-13 12:29:50.571 DEBUG [           main] [o.h.SQL] logStatement (92): insert into TB_OP_NOTICE (created_at, exchange_code, kind, notice_id, reg_dtime, title, upd_dtime, updated_at, url) values (?, ?, ?, ?, ?, ?, ?, ?, ?)
2019-11-13 12:29:50.577 DEBUG [           main] [o.h.SQL] logStatement (92): insert into TB_OP_NOTICE (created_at, exchange_code, kind, notice_id, reg_dtime, title, upd_dtime, updated_at, url) values (?, ?, ?, ?, ?, ?, ?, ?, ?)
2019-11-13 13:27:39.194 DEBUG [           main] [o.h.SQL] logStatement (92): SELECT Max(notice_id) from Onepiece.TB_OP_NOTICE INNER JOIN TB_OP_EXCHANGE TOE on TB_OP_NOTICE.exchange_code = TOE.code where TOE.code = ? and kind =?
2019-11-13 15:53:30.562 DEBUG [           main] [o.h.SQL] logStatement (92): SELECT Max(notice_id) from Onepiece.TB_OP_NOTICE INNER JOIN TB_OP_EXCHANGE TOE on TB_OP_NOTICE.exchange_code = TOE.code where TOE.code = ?
2019-11-13 15:54:12.290 DEBUG [           main] [o.h.SQL] logStatement (92): SELECT Max(notice_id) from Onepiece.TB_OP_NOTICE INNER JOIN TB_OP_EXCHANGE TOE on TB_OP_NOTICE.exchange_code = TOE.code where TOE.code = ?
2019-11-13 15:54:45.162 DEBUG [           main] [o.h.SQL] logStatement (92): SELECT Max(notice_id) from Onepiece.TB_OP_NOTICE INNER JOIN TB_OP_EXCHANGE TOE on TB_OP_NOTICE.exchange_code = TOE.code where TOE.code = ?
2019-11-13 16:01:20.733 DEBUG [           main] [o.h.SQL] logStatement (92): SELECT Max(notice_id) from Onepiece.TB_OP_NOTICE INNER JOIN TB_OP_EXCHANGE TOE on TB_OP_NOTICE.exchange_code = TOE.code where TOE.code = ?
2019-11-13 16:02:34.210 DEBUG [           main] [o.h.SQL] logStatement (92): SELECT Max(notice_id) from Onepiece.TB_OP_NOTICE INNER JOIN TB_OP_EXCHANGE TOE on TB_OP_NOTICE.exchange_code = TOE.code where TOE.code = ?
2019-11-13 16:02:34.530 DEBUG [           main] [o.h.SQL] logStatement (92): select exchangeen_.code, exchangeen_.exchange as exchange2_0_, exchangeen_.oversea as oversea3_0_, exchangeen_.url as url4_0_ from TB_OP_EXCHANGE exchangeen_ where exchangeen_.code=?
2019-11-13 16:02:34.552 DEBUG [           main] [o.h.SQL] logStatement (92): insert into TB_OP_NOTICE (created_at, exchange_code, kind, notice_id, reg_dtime, title, upd_dtime, updated_at, url) values (?, ?, ?, ?, ?, ?, ?, ?, ?)
2019-11-13 16:02:34.565 DEBUG [           main] [o.h.SQL] logStatement (92): insert into TB_OP_NOTICE (created_at, exchange_code, kind, notice_id, reg_dtime, title, upd_dtime, updated_at, url) values (?, ?, ?, ?, ?, ?, ?, ?, ?)
2019-11-13 16:02:34.577 DEBUG [           main] [o.h.SQL] logStatement (92): insert into TB_OP_NOTICE (created_at, exchange_code, kind, notice_id, reg_dtime, title, upd_dtime, updated_at, url) values (?, ?, ?, ?, ?, ?, ?, ?, ?)
2019-11-13 16:02:34.584 DEBUG [           main] [o.h.SQL] logStatement (92): insert into TB_OP_NOTICE (created_at, exchange_code, kind, notice_id, reg_dtime, title, upd_dtime, updated_at, url) values (?, ?, ?, ?, ?, ?, ?, ?, ?)
2019-11-13 16:02:34.593 DEBUG [           main] [o.h.SQL] logStatement (92): insert into TB_OP_NOTICE (created_at, exchange_code, kind, notice_id, reg_dtime, title, upd_dtime, updated_at, url) values (?, ?, ?, ?, ?, ?, ?, ?, ?)
2019-11-13 16:02:34.604 DEBUG [           main] [o.h.SQL] logStatement (92): insert into TB_OP_NOTICE (created_at, exchange_code, kind, notice_id, reg_dtime, title, upd_dtime, updated_at, url) values (?, ?, ?, ?, ?, ?, ?, ?, ?)
2019-11-13 16:02:34.612 DEBUG [           main] [o.h.SQL] logStatement (92): insert into TB_OP_NOTICE (created_at, exchange_code, kind, notice_id, reg_dtime, title, upd_dtime, updated_at, url) values (?, ?, ?, ?, ?, ?, ?, ?, ?)
2019-11-13 16:02:34.622 DEBUG [           main] [o.h.SQL] logStatement (92): insert into TB_OP_NOTICE (created_at, exchange_code, kind, notice_id, reg_dtime, title, upd_dtime, updated_at, url) values (?, ?, ?, ?, ?, ?, ?, ?, ?)
2019-11-13 16:02:34.629 DEBUG [           main] [o.h.SQL] logStatement (92): insert into TB_OP_NOTICE (created_at, exchange_code, kind, notice_id, reg_dtime, title, upd_dtime, updated_at, url) values (?, ?, ?, ?, ?, ?, ?, ?, ?)
2019-11-13 16:02:34.637 DEBUG [           main] [o.h.SQL] logStatement (92): insert into TB_OP_NOTICE (created_at, exchange_code, kind, notice_id, reg_dtime, title, upd_dtime, updated_at, url) values (?, ?, ?, ?, ?, ?, ?, ?, ?)
2019-11-13 16:02:34.644 DEBUG [           main] [o.h.SQL] logStatement (92): insert into TB_OP_NOTICE (created_at, exchange_code, kind, notice_id, reg_dtime, title, upd_dtime, updated_at, url) values (?, ?, ?, ?, ?, ?, ?, ?, ?)
2019-11-13 16:02:34.653 DEBUG [           main] [o.h.SQL] logStatement (92): insert into TB_OP_NOTICE (created_at, exchange_code, kind, notice_id, reg_dtime, title, upd_dtime, updated_at, url) values (?, ?, ?, ?, ?, ?, ?, ?, ?)
2019-11-13 16:02:34.687 DEBUG [           main] [o.h.SQL] logStatement (92): insert into TB_OP_NOTICE (created_at, exchange_code, kind, notice_id, reg_dtime, title, upd_dtime, updated_at, url) values (?, ?, ?, ?, ?, ?, ?, ?, ?)
2019-11-13 16:02:34.695 DEBUG [           main] [o.h.SQL] logStatement (92): insert into TB_OP_NOTICE (created_at, exchange_code, kind, notice_id, reg_dtime, title, upd_dtime, updated_at, url) values (?, ?, ?, ?, ?, ?, ?, ?, ?)
2019-11-13 16:02:34.703 DEBUG [           main] [o.h.SQL] logStatement (92): insert into TB_OP_NOTICE (created_at, exchange_code, kind, notice_id, reg_dtime, title, upd_dtime, updated_at, url) values (?, ?, ?, ?, ?, ?, ?, ?, ?)
2019-11-13 16:35:42.738 DEBUG [           main] [o.h.SQL] logStatement (92): SELECT Max(notice_id) from Onepiece.TB_OP_NOTICE INNER JOIN TB_OP_EXCHANGE TOE on TB_OP_NOTICE.exchange_code = TOE.code where TOE.code = ?
2019-11-13 16:37:05.743 DEBUG [           main] [o.h.SQL] logStatement (92): SELECT Max(notice_id) from Onepiece.TB_OP_NOTICE INNER JOIN TB_OP_EXCHANGE TOE on TB_OP_NOTICE.exchange_code = TOE.code where TOE.code = ?
2019-11-13 16:37:47.197 DEBUG [           main] [o.h.SQL] logStatement (92): SELECT Max(notice_id) from Onepiece.TB_OP_NOTICE INNER JOIN TB_OP_EXCHANGE TOE on TB_OP_NOTICE.exchange_code = TOE.code where TOE.code = ?
2019-11-13 16:37:47.493 DEBUG [           main] [o.h.SQL] logStatement (92): select exchangeen_.code, exchangeen_.exchange as exchange2_0_, exchangeen_.oversea as oversea3_0_, exchangeen_.url as url4_0_ from TB_OP_EXCHANGE exchangeen_ where exchangeen_.code=?
2019-11-13 16:37:47.512 DEBUG [           main] [o.h.SQL] logStatement (92): insert into TB_OP_NOTICE (created_at, exchange_code, kind, notice_id, reg_dtime, title, upd_dtime, updated_at, url) values (?, ?, ?, ?, ?, ?, ?, ?, ?)
2019-11-13 16:37:47.525 DEBUG [           main] [o.h.SQL] logStatement (92): insert into TB_OP_NOTICE (created_at, exchange_code, kind, notice_id, reg_dtime, title, upd_dtime, updated_at, url) values (?, ?, ?, ?, ?, ?, ?, ?, ?)
2019-11-13 16:37:47.537 DEBUG [           main] [o.h.SQL] logStatement (92): insert into TB_OP_NOTICE (created_at, exchange_code, kind, notice_id, reg_dtime, title, upd_dtime, updated_at, url) values (?, ?, ?, ?, ?, ?, ?, ?, ?)
2019-11-13 16:37:47.561 DEBUG [           main] [o.h.SQL] logStatement (92): insert into TB_OP_NOTICE (created_at, exchange_code, kind, notice_id, reg_dtime, title, upd_dtime, updated_at, url) values (?, ?, ?, ?, ?, ?, ?, ?, ?)
2019-11-13 16:37:47.567 DEBUG [           main] [o.h.SQL] logStatement (92): insert into TB_OP_NOTICE (created_at, exchange_code, kind, notice_id, reg_dtime, title, upd_dtime, updated_at, url) values (?, ?, ?, ?, ?, ?, ?, ?, ?)
2019-11-13 16:37:47.574 DEBUG [           main] [o.h.SQL] logStatement (92): insert into TB_OP_NOTICE (created_at, exchange_code, kind, notice_id, reg_dtime, title, upd_dtime, updated_at, url) values (?, ?, ?, ?, ?, ?, ?, ?, ?)
2019-11-13 16:37:47.581 DEBUG [           main] [o.h.SQL] logStatement (92): insert into TB_OP_NOTICE (created_at, exchange_code, kind, notice_id, reg_dtime, title, upd_dtime, updated_at, url) values (?, ?, ?, ?, ?, ?, ?, ?, ?)
2019-11-13 17:19:29.158 DEBUG [           main] [o.h.SQL] logStatement (92): SELECT Max(notice_id) from Onepiece.TB_OP_NOTICE INNER JOIN TB_OP_EXCHANGE TOE on TB_OP_NOTICE.exchange_code = TOE.code where TOE.code = ?
2019-11-13 17:54:38.255 DEBUG [           main] [o.h.SQL] logStatement (92): SELECT Max(notice_id) from Onepiece.TB_OP_NOTICE INNER JOIN TB_OP_EXCHANGE TOE on TB_OP_NOTICE.exchange_code = TOE.code where TOE.code = ?
2019-11-13 17:59:27.454 DEBUG [           main] [o.h.SQL] logStatement (92): SELECT Max(notice_id) from Onepiece.TB_OP_NOTICE INNER JOIN TB_OP_EXCHANGE TOE on TB_OP_NOTICE.exchange_code = TOE.code where TOE.code = ?
2019-11-13 17:59:27.971 DEBUG [           main] [o.h.SQL] logStatement (92): select exchangeen_.code, exchangeen_.exchange as exchange2_0_, exchangeen_.oversea as oversea3_0_, exchangeen_.url as url4_0_ from TB_OP_EXCHANGE exchangeen_ where exchangeen_.code=?
2019-11-13 17:59:27.985 DEBUG [           main] [o.h.SQL] logStatement (92): insert into TB_OP_NOTICE (created_at, exchange_code, kind, notice_id, reg_dtime, title, upd_dtime, updated_at, url) values (?, ?, ?, ?, ?, ?, ?, ?, ?)
2019-11-13 17:59:27.996 DEBUG [           main] [o.h.SQL] logStatement (92): insert into TB_OP_NOTICE (created_at, exchange_code, kind, notice_id, reg_dtime, title, upd_dtime, updated_at, url) values (?, ?, ?, ?, ?, ?, ?, ?, ?)
2019-11-13 17:59:28.005 DEBUG [           main] [o.h.SQL] logStatement (92): insert into TB_OP_NOTICE (created_at, exchange_code, kind, notice_id, reg_dtime, title, upd_dtime, updated_at, url) values (?, ?, ?, ?, ?, ?, ?, ?, ?)
2019-11-13 17:59:28.012 DEBUG [           main] [o.h.SQL] logStatement (92): insert into TB_OP_NOTICE (created_at, exchange_code, kind, notice_id, reg_dtime, title, upd_dtime, updated_at, url) values (?, ?, ?, ?, ?, ?, ?, ?, ?)
2019-11-13 17:59:28.021 DEBUG [           main] [o.h.SQL] logStatement (92): insert into TB_OP_NOTICE (created_at, exchange_code, kind, notice_id, reg_dtime, title, upd_dtime, updated_at, url) values (?, ?, ?, ?, ?, ?, ?, ?, ?)
2019-11-13 17:59:28.030 DEBUG [           main] [o.h.SQL] logStatement (92): insert into TB_OP_NOTICE (created_at, exchange_code, kind, notice_id, reg_dtime, title, upd_dtime, updated_at, url) values (?, ?, ?, ?, ?, ?, ?, ?, ?)
2019-11-13 17:59:28.039 DEBUG [           main] [o.h.SQL] logStatement (92): insert into TB_OP_NOTICE (created_at, exchange_code, kind, notice_id, reg_dtime, title, upd_dtime, updated_at, url) values (?, ?, ?, ?, ?, ?, ?, ?, ?)
2019-11-13 17:59:28.047 DEBUG [           main] [o.h.SQL] logStatement (92): insert into TB_OP_NOTICE (created_at, exchange_code, kind, notice_id, reg_dtime, title, upd_dtime, updated_at, url) values (?, ?, ?, ?, ?, ?, ?, ?, ?)
2019-11-13 18:00:39.270 DEBUG [           main] [o.h.SQL] logStatement (92): SELECT Max(notice_id) from Onepiece.TB_OP_NOTICE INNER JOIN TB_OP_EXCHANGE TOE on TB_OP_NOTICE.exchange_code = TOE.code where TOE.code = ?
2019-11-13 18:00:39.718 DEBUG [           main] [o.h.SQL] logStatement (92): select exchangeen_.code, exchangeen_.exchange as exchange2_0_, exchangeen_.oversea as oversea3_0_, exchangeen_.url as url4_0_ from TB_OP_EXCHANGE exchangeen_ where exchangeen_.code=?
2019-11-13 18:00:39.736 DEBUG [           main] [o.h.SQL] logStatement (92): insert into TB_OP_NOTICE (created_at, exchange_code, kind, notice_id, reg_dtime, title, upd_dtime, updated_at, url) values (?, ?, ?, ?, ?, ?, ?, ?, ?)
2019-11-13 18:00:39.748 DEBUG [           main] [o.h.SQL] logStatement (92): insert into TB_OP_NOTICE (created_at, exchange_code, kind, notice_id, reg_dtime, title, upd_dtime, updated_at, url) values (?, ?, ?, ?, ?, ?, ?, ?, ?)
2019-11-13 18:00:39.755 DEBUG [           main] [o.h.SQL] logStatement (92): insert into TB_OP_NOTICE (created_at, exchange_code, kind, notice_id, reg_dtime, title, upd_dtime, updated_at, url) values (?, ?, ?, ?, ?, ?, ?, ?, ?)
2019-11-13 18:00:39.763 DEBUG [           main] [o.h.SQL] logStatement (92): insert into TB_OP_NOTICE (created_at, exchange_code, kind, notice_id, reg_dtime, title, upd_dtime, updated_at, url) values (?, ?, ?, ?, ?, ?, ?, ?, ?)
2019-11-13 18:00:39.770 DEBUG [           main] [o.h.SQL] logStatement (92): insert into TB_OP_NOTICE (created_at, exchange_code, kind, notice_id, reg_dtime, title, upd_dtime, updated_at, url) values (?, ?, ?, ?, ?, ?, ?, ?, ?)
2019-11-13 18:00:39.779 DEBUG [           main] [o.h.SQL] logStatement (92): insert into TB_OP_NOTICE (created_at, exchange_code, kind, notice_id, reg_dtime, title, upd_dtime, updated_at, url) values (?, ?, ?, ?, ?, ?, ?, ?, ?)
2019-11-13 18:00:39.787 DEBUG [           main] [o.h.SQL] logStatement (92): insert into TB_OP_NOTICE (created_at, exchange_code, kind, notice_id, reg_dtime, title, upd_dtime, updated_at, url) values (?, ?, ?, ?, ?, ?, ?, ?, ?)
2019-11-13 18:00:39.795 DEBUG [           main] [o.h.SQL] logStatement (92): insert into TB_OP_NOTICE (created_at, exchange_code, kind, notice_id, reg_dtime, title, upd_dtime, updated_at, url) values (?, ?, ?, ?, ?, ?, ?, ?, ?)
